2018-09-21 15:04:38,359 INFO 15772 [egg:logger] init all loggers with options: {"dir":"C:\\Users\\liuxiaoqi\\Desktop\\egg-example\\logs\\egg-example","encoding":"utf8","env":"local","level":"INFO","consoleLevel":"INFO","disableConsoleAfterReady":false,"outputJSON":false,"buffer":true,"appLogName":"egg-example-web.log","coreLogName":"egg-web.log","agentLogName":"egg-agent.log","errorLogName":"common-error.log","coreLogger":{"consoleLevel":"WARN"},"allowDebugAtProd":false,"type":"application"}
2018-09-21 15:04:38,387 INFO 15772 [egg-schedule]: register schedule C:\Users\liuxiaoqi\Desktop\egg-example\node_modules\egg-logrotator\app\schedule\clean_log.js
2018-09-21 15:04:38,387 INFO 15772 [egg-schedule]: register schedule C:\Users\liuxiaoqi\Desktop\egg-example\node_modules\egg-logrotator\app\schedule\rotate_by_file.js
2018-09-21 15:04:38,441 INFO 15772 [egg-static] starting static serve /public/ -> C:\Users\liuxiaoqi\Desktop\egg-example\app\public
2018-09-21 15:04:38,441 INFO 15772 [egg-security] use csrf middleware
2018-09-21 15:04:38,441 INFO 15772 [egg-security] use methodnoallow middleware
2018-09-21 15:04:38,441 INFO 15772 [egg-security] use noopen middleware
2018-09-21 15:04:38,441 INFO 15772 [egg-security] use nosniff middleware
2018-09-21 15:04:38,441 INFO 15772 [egg-security] use xssProtection middleware
2018-09-21 15:04:38,441 INFO 15772 [egg-security] use xframe middleware
2018-09-21 15:04:38,441 INFO 15772 [egg-security] use dta middleware
2018-09-21 15:04:38,441 INFO 15772 [egg-security] compose 7 middlewares into one security middleware
2018-09-21 15:04:38,456 INFO 15772 [egg:core] dump config after load, 15ms
2018-09-21 15:04:38,456 INFO 15772 [egg-watcher:application] watcher start success
2018-09-21 15:04:38,472 INFO 15772 [egg:core] dump config after ready, 16ms
2018-09-28 17:14:57,977 INFO 17824 [egg:logger] init all loggers with options: {"dir":"C:\\Users\\liuxiaoqi\\Desktop\\egg-example\\logs\\egg-example","encoding":"utf8","env":"local","level":"INFO","consoleLevel":"INFO","disableConsoleAfterReady":false,"outputJSON":false,"buffer":true,"appLogName":"egg-example-web.log","coreLogName":"egg-web.log","agentLogName":"egg-agent.log","errorLogName":"common-error.log","coreLogger":{"consoleLevel":"WARN"},"allowDebugAtProd":false,"type":"application"}
2018-09-28 17:14:58,015 INFO 17824 [egg-schedule]: register schedule C:\Users\liuxiaoqi\Desktop\egg-example\node_modules\egg-logrotator\app\schedule\clean_log.js
2018-09-28 17:14:58,015 INFO 17824 [egg-schedule]: register schedule C:\Users\liuxiaoqi\Desktop\egg-example\node_modules\egg-logrotator\app\schedule\rotate_by_file.js
2018-09-28 17:14:58,724 INFO 17824 [egg-static] starting static serve /public/ -> C:\Users\liuxiaoqi\Desktop\egg-example\app\public
2018-09-28 17:14:58,724 INFO 17824 [egg-security] use csrf middleware
2018-09-28 17:14:58,724 INFO 17824 [egg-security] use methodnoallow middleware
2018-09-28 17:14:58,724 INFO 17824 [egg-security] use noopen middleware
2018-09-28 17:14:58,724 INFO 17824 [egg-security] use nosniff middleware
2018-09-28 17:14:58,724 INFO 17824 [egg-security] use xssProtection middleware
2018-09-28 17:14:58,724 INFO 17824 [egg-security] use xframe middleware
2018-09-28 17:14:58,724 INFO 17824 [egg-security] use dta middleware
2018-09-28 17:14:58,724 INFO 17824 [egg-security] compose 7 middlewares into one security middleware
2018-09-28 17:14:58,755 INFO 17824 [egg:core] dump config after load, 16ms
2018-09-28 17:14:58,755 INFO 17824 [egg-watcher:application] watcher start success
2018-09-28 17:14:58,771 INFO 17824 [egg:core] dump config after ready, 16ms
2018-09-28 17:15:00,141 INFO 17824 [egg-view-nunjucks] loading templates from ["C:\\Users\\liuxiaoqi\\Desktop\\egg-example\\app\\view"]
2018-09-28 17:30:41,723 INFO 16436 [egg:logger] init all loggers with options: {"dir":"C:\\Users\\liuxiaoqi\\Desktop\\egg-example\\logs\\egg-example","encoding":"utf8","env":"local","level":"INFO","consoleLevel":"INFO","disableConsoleAfterReady":false,"outputJSON":false,"buffer":true,"appLogName":"egg-example-web.log","coreLogName":"egg-web.log","agentLogName":"egg-agent.log","errorLogName":"common-error.log","coreLogger":{"consoleLevel":"WARN"},"allowDebugAtProd":false,"type":"application"}
2018-09-28 17:30:41,751 INFO 16436 [egg-schedule]: register schedule C:\Users\liuxiaoqi\Desktop\egg-example\node_modules\egg-logrotator\app\schedule\clean_log.js
2018-09-28 17:30:41,751 INFO 16436 [egg-schedule]: register schedule C:\Users\liuxiaoqi\Desktop\egg-example\node_modules\egg-logrotator\app\schedule\rotate_by_file.js
2018-09-28 17:30:41,804 INFO 16436 [egg-static] starting static serve /public/ -> C:\Users\liuxiaoqi\Desktop\egg-example\app\public
2018-09-28 17:30:41,806 INFO 16436 [egg-security] use csrf middleware
2018-09-28 17:30:41,807 INFO 16436 [egg-security] use methodnoallow middleware
2018-09-28 17:30:41,807 INFO 16436 [egg-security] use noopen middleware
2018-09-28 17:30:41,808 INFO 16436 [egg-security] use nosniff middleware
2018-09-28 17:30:41,808 INFO 16436 [egg-security] use xssProtection middleware
2018-09-28 17:30:41,809 INFO 16436 [egg-security] use xframe middleware
2018-09-28 17:30:41,809 INFO 16436 [egg-security] use dta middleware
2018-09-28 17:30:41,809 INFO 16436 [egg-security] compose 7 middlewares into one security middleware
2018-09-28 17:30:41,827 INFO 16436 [egg:core] dump config after load, 14ms
2018-09-28 17:30:41,835 INFO 16436 [egg-watcher:application] watcher start success
2018-09-28 17:30:41,855 INFO 16436 [egg:core] dump config after ready, 17ms
2018-09-28 17:31:06,126 INFO 16776 [egg:logger] init all loggers with options: {"dir":"C:\\Users\\liuxiaoqi\\Desktop\\egg-example\\logs\\egg-example","encoding":"utf8","env":"local","level":"INFO","consoleLevel":"INFO","disableConsoleAfterReady":false,"outputJSON":false,"buffer":true,"appLogName":"egg-example-web.log","coreLogName":"egg-web.log","agentLogName":"egg-agent.log","errorLogName":"common-error.log","coreLogger":{"consoleLevel":"WARN"},"allowDebugAtProd":false,"type":"application"}
2018-09-28 17:31:06,144 INFO 16776 [egg-schedule]: register schedule C:\Users\liuxiaoqi\Desktop\egg-example\node_modules\egg-logrotator\app\schedule\clean_log.js
2018-09-28 17:31:06,144 INFO 16776 [egg-schedule]: register schedule C:\Users\liuxiaoqi\Desktop\egg-example\node_modules\egg-logrotator\app\schedule\rotate_by_file.js
2018-09-28 17:31:06,206 INFO 16776 [egg-static] starting static serve /public/ -> C:\Users\liuxiaoqi\Desktop\egg-example\app\public
2018-09-28 17:31:06,209 INFO 16776 [egg-security] use csrf middleware
2018-09-28 17:31:06,209 INFO 16776 [egg-security] use methodnoallow middleware
2018-09-28 17:31:06,210 INFO 16776 [egg-security] use noopen middleware
2018-09-28 17:31:06,210 INFO 16776 [egg-security] use nosniff middleware
2018-09-28 17:31:06,211 INFO 16776 [egg-security] use xssProtection middleware
2018-09-28 17:31:06,211 INFO 16776 [egg-security] use xframe middleware
2018-09-28 17:31:06,211 INFO 16776 [egg-security] use dta middleware
2018-09-28 17:31:06,211 INFO 16776 [egg-security] compose 7 middlewares into one security middleware
2018-09-28 17:31:06,222 INFO 16776 [egg:core] dump config after load, 7ms
2018-09-28 17:31:06,222 INFO 16776 [egg-watcher:application] watcher start success
2018-09-28 17:31:06,254 INFO 16776 [egg:core] dump config after ready, 32ms
2018-09-28 17:31:10,612 INFO 15948 [egg:logger] init all loggers with options: {"dir":"C:\\Users\\liuxiaoqi\\Desktop\\egg-example\\logs\\egg-example","encoding":"utf8","env":"local","level":"INFO","consoleLevel":"INFO","disableConsoleAfterReady":false,"outputJSON":false,"buffer":true,"appLogName":"egg-example-web.log","coreLogName":"egg-web.log","agentLogName":"egg-agent.log","errorLogName":"common-error.log","coreLogger":{"consoleLevel":"WARN"},"allowDebugAtProd":false,"type":"application"}
2018-09-28 17:31:10,640 INFO 15948 [egg-schedule]: register schedule C:\Users\liuxiaoqi\Desktop\egg-example\node_modules\egg-logrotator\app\schedule\clean_log.js
2018-09-28 17:31:10,640 INFO 15948 [egg-schedule]: register schedule C:\Users\liuxiaoqi\Desktop\egg-example\node_modules\egg-logrotator\app\schedule\rotate_by_file.js
2018-09-28 17:31:10,690 INFO 15948 [egg-static] starting static serve /public/ -> C:\Users\liuxiaoqi\Desktop\egg-example\app\public
2018-09-28 17:31:10,692 INFO 15948 [egg-security] use csrf middleware
2018-09-28 17:31:10,693 INFO 15948 [egg-security] use methodnoallow middleware
2018-09-28 17:31:10,693 INFO 15948 [egg-security] use noopen middleware
2018-09-28 17:31:10,694 INFO 15948 [egg-security] use nosniff middleware
2018-09-28 17:31:10,694 INFO 15948 [egg-security] use xssProtection middleware
2018-09-28 17:31:10,695 INFO 15948 [egg-security] use xframe middleware
2018-09-28 17:31:10,695 INFO 15948 [egg-security] use dta middleware
2018-09-28 17:31:10,695 INFO 15948 [egg-security] compose 7 middlewares into one security middleware
2018-09-28 17:31:10,711 INFO 15948 [egg:core] dump config after load, 12ms
2018-09-28 17:31:10,719 INFO 15948 [egg-watcher:application] watcher start success
2018-09-28 17:31:10,737 INFO 15948 [egg:core] dump config after ready, 17ms
2018-09-28 17:31:34,321 INFO 15328 [egg:logger] init all loggers with options: {"dir":"C:\\Users\\liuxiaoqi\\Desktop\\egg-example\\logs\\egg-example","encoding":"utf8","env":"local","level":"INFO","consoleLevel":"INFO","disableConsoleAfterReady":false,"outputJSON":false,"buffer":true,"appLogName":"egg-example-web.log","coreLogName":"egg-web.log","agentLogName":"egg-agent.log","errorLogName":"common-error.log","coreLogger":{"consoleLevel":"WARN"},"allowDebugAtProd":false,"type":"application"}
2018-09-28 17:31:34,352 INFO 15328 [egg-schedule]: register schedule C:\Users\liuxiaoqi\Desktop\egg-example\node_modules\egg-logrotator\app\schedule\clean_log.js
2018-09-28 17:31:34,352 INFO 15328 [egg-schedule]: register schedule C:\Users\liuxiaoqi\Desktop\egg-example\node_modules\egg-logrotator\app\schedule\rotate_by_file.js
2018-09-28 17:31:34,399 INFO 15328 [egg-static] starting static serve /public/ -> C:\Users\liuxiaoqi\Desktop\egg-example\app\public
2018-09-28 17:31:34,399 INFO 15328 [egg-security] use csrf middleware
2018-09-28 17:31:34,399 INFO 15328 [egg-security] use methodnoallow middleware
2018-09-28 17:31:34,399 INFO 15328 [egg-security] use noopen middleware
2018-09-28 17:31:34,399 INFO 15328 [egg-security] use nosniff middleware
2018-09-28 17:31:34,399 INFO 15328 [egg-security] use xssProtection middleware
2018-09-28 17:31:34,399 INFO 15328 [egg-security] use xframe middleware
2018-09-28 17:31:34,399 INFO 15328 [egg-security] use dta middleware
2018-09-28 17:31:34,399 INFO 15328 [egg-security] compose 7 middlewares into one security middleware
2018-09-28 17:31:34,424 INFO 15328 [egg:core] dump config after load, 25ms
2018-09-28 17:31:34,432 INFO 15328 [egg-watcher:application] watcher start success
2018-09-28 17:31:34,451 INFO 15328 [egg:core] dump config after ready, 17ms
2018-09-28 17:31:44,904 INFO 13208 [egg:logger] init all loggers with options: {"dir":"C:\\Users\\liuxiaoqi\\Desktop\\egg-example\\logs\\egg-example","encoding":"utf8","env":"local","level":"INFO","consoleLevel":"INFO","disableConsoleAfterReady":false,"outputJSON":false,"buffer":true,"appLogName":"egg-example-web.log","coreLogName":"egg-web.log","agentLogName":"egg-agent.log","errorLogName":"common-error.log","coreLogger":{"consoleLevel":"WARN"},"allowDebugAtProd":false,"type":"application"}
2018-09-28 17:31:44,931 INFO 13208 [egg-schedule]: register schedule C:\Users\liuxiaoqi\Desktop\egg-example\node_modules\egg-logrotator\app\schedule\clean_log.js
2018-09-28 17:31:44,931 INFO 13208 [egg-schedule]: register schedule C:\Users\liuxiaoqi\Desktop\egg-example\node_modules\egg-logrotator\app\schedule\rotate_by_file.js
2018-09-28 17:31:44,983 INFO 13208 [egg-static] starting static serve /public/ -> C:\Users\liuxiaoqi\Desktop\egg-example\app\public
2018-09-28 17:31:44,985 INFO 13208 [egg-security] use csrf middleware
2018-09-28 17:31:44,986 INFO 13208 [egg-security] use methodnoallow middleware
2018-09-28 17:31:44,986 INFO 13208 [egg-security] use noopen middleware
2018-09-28 17:31:44,987 INFO 13208 [egg-security] use nosniff middleware
2018-09-28 17:31:44,987 INFO 13208 [egg-security] use xssProtection middleware
2018-09-28 17:31:44,988 INFO 13208 [egg-security] use xframe middleware
2018-09-28 17:31:44,988 INFO 13208 [egg-security] use dta middleware
2018-09-28 17:31:44,988 INFO 13208 [egg-security] compose 7 middlewares into one security middleware
2018-09-28 17:31:45,005 INFO 13208 [egg:core] dump config after load, 13ms
2018-09-28 17:31:45,014 INFO 13208 [egg-watcher:application] watcher start success
2018-09-28 17:31:45,033 INFO 13208 [egg:core] dump config after ready, 18ms
2018-09-28 18:00:12,717 INFO 14948 [egg:logger] init all loggers with options: {"dir":"C:\\Users\\liuxiaoqi\\Desktop\\egg-example\\logs\\egg-example","encoding":"utf8","env":"local","level":"INFO","consoleLevel":"INFO","disableConsoleAfterReady":false,"outputJSON":false,"buffer":true,"appLogName":"egg-example-web.log","coreLogName":"egg-web.log","agentLogName":"egg-agent.log","errorLogName":"common-error.log","coreLogger":{"consoleLevel":"WARN"},"allowDebugAtProd":false,"type":"application"}
2018-09-28 18:00:12,748 INFO 14948 [egg-schedule]: register schedule C:\Users\liuxiaoqi\Desktop\egg-example\node_modules\egg-logrotator\app\schedule\clean_log.js
2018-09-28 18:00:12,748 INFO 14948 [egg-schedule]: register schedule C:\Users\liuxiaoqi\Desktop\egg-example\node_modules\egg-logrotator\app\schedule\rotate_by_file.js
2018-09-28 18:00:12,795 INFO 14948 [egg-static] starting static serve /public/ -> C:\Users\liuxiaoqi\Desktop\egg-example\app\public
2018-09-28 18:00:12,795 INFO 14948 [egg-security] use csrf middleware
2018-09-28 18:00:12,795 INFO 14948 [egg-security] use methodnoallow middleware
2018-09-28 18:00:12,795 INFO 14948 [egg-security] use noopen middleware
2018-09-28 18:00:12,795 INFO 14948 [egg-security] use nosniff middleware
2018-09-28 18:00:12,810 INFO 14948 [egg-security] use xssProtection middleware
2018-09-28 18:00:12,810 INFO 14948 [egg-security] use xframe middleware
2018-09-28 18:00:12,810 INFO 14948 [egg-security] use dta middleware
2018-09-28 18:00:12,810 INFO 14948 [egg-security] compose 7 middlewares into one security middleware
2018-09-28 18:00:12,826 INFO 14948 [egg:core] dump config after load, 16ms
2018-09-28 18:00:12,826 INFO 14948 [egg-watcher:application] watcher start success
2018-09-28 18:00:12,842 INFO 14948 [egg:core] dump config after ready, 16ms
